OtuPicker parameters:
Application:uclust
Similarity:0.97
chimeras_retention:union
enable_rev_strand_matching:True
exact:False
max_accepts:1
max_rejects:8
new_cluster_identifier:denovo
next_new_cluster_number:1
optimal:False
output_dir:/Users/u1560915/Documents/OneDrive/PhD_Plastic_Oceans/Experiments/MiSeq_Dada/PICRUSt/Averages/ucrC97//uclust_ref_picked_otus
prefilter_identical_sequences:True
presort_by_abundance:True
save_uc_files:True
stable_sort:True
stepwords:8
suppress_new_clusters:True
suppress_sort:True
word_length:8
Reference seqs:/Users/u1560915/Documents/OneDrive/PhD_Plastic_Oceans/Experiments/MiSeq_Dada/PICRUSt/Averages/gg_13_5_otus/rep_set/97_otus.fasta
Num OTUs:1494
Num new OTUs:0
Num failures:4269
Result path: /Users/u1560915/Documents/OneDrive/PhD_Plastic_Oceans/Experiments/MiSeq_Dada/PICRUSt/Averages/ucrC97//uclust_ref_picked_otus/seqs_otus.txt